This is pdfTeX, Version 3.14159265-2.6-1.40.16 (TeX Live 2016/dev) (preloaded format=pdflatex 2016.8.24)  26 OCT 2016 22:16
entering extended mode
 restricted \write18 enabled.
 %&-line parsing enabled.
**gep-update.tex
(./gep-update.tex
LaTeX2e <2015/01/01> patch level 2
Babel <3.9m> and hyphenation patterns for 79 languages loaded.
(/usr/share/texlive/texmf-dist/tex/latex/base/article.cls
Document Class: article 2014/09/29 v1.4h Standard LaTeX document class
(/usr/share/texlive/texmf-dist/tex/latex/base/size10.clo
File: size10.clo 2014/09/29 v1.4h Standard LaTeX file (size option)
)
\c@part=\count79
\c@section=\count80
\c@subsection=\count81
\c@subsubsection=\count82
\c@paragraph=\count83
\c@subparagraph=\count84
\c@figure=\count85
\c@table=\count86
\abovecaptionskip=\skip41
\belowcaptionskip=\skip42
\bibindent=\dimen102
)
(/usr/share/texlive/texmf-dist/tex/latex/graphics/graphics.sty
Package: graphics 2014/10/28 v1.0p Standard LaTeX Graphics (DPC,SPQR)

(/usr/share/texlive/texmf-dist/tex/latex/graphics/trig.sty
Package: trig 1999/03/16 v1.09 sin cos tan (DPC)
)
(/usr/share/texlive/texmf-dist/tex/latex/latexconfig/graphics.cfg
File: graphics.cfg 2010/04/23 v1.9 graphics configuration of TeX Live
)
Package graphics Info: Driver file: pdftex.def on input line 94.

(/usr/share/texlive/texmf-dist/tex/latex/pdftex-def/pdftex.def
File: pdftex.def 2011/05/27 v0.06d Graphics/color for pdfTeX

(/usr/share/texlive/texmf-dist/tex/generic/oberdiek/infwarerr.sty
Package: infwarerr 2010/04/08 v1.3 Providing info/warning/error messages (HO)
)
(/usr/share/texlive/texmf-dist/tex/generic/oberdiek/ltxcmds.sty
Package: ltxcmds 2011/11/09 v1.22 LaTeX kernel commands for general use (HO)
)
\Gread@gobject=\count87
))
(/usr/share/texlive/texmf-dist/tex/latex/graphics/graphicx.sty
Package: graphicx 2014/10/28 v1.0g Enhanced LaTeX Graphics (DPC,SPQR)

(/usr/share/texlive/texmf-dist/tex/latex/graphics/keyval.sty
Package: keyval 2014/10/28 v1.15 key=value parser (DPC)
\KV@toks@=\toks14
)
\Gin@req@height=\dimen103
\Gin@req@width=\dimen104
)
(/usr/share/texlive/texmf-dist/tex/latex/tools/tabularx.sty
Package: tabularx 2014/10/28 v2.10 `tabularx' package (DPC)

(/usr/share/texlive/texmf-dist/tex/latex/tools/array.sty
Package: array 2014/10/28 v2.4c Tabular extension package (FMi)
\col@sep=\dimen105
\extrarowheight=\dimen106
\NC@list=\toks15
\extratabsurround=\skip43
\backup@length=\skip44
)
\TX@col@width=\dimen107
\TX@old@table=\dimen108
\TX@old@col=\dimen109
\TX@target=\dimen110
\TX@delta=\dimen111
\TX@cols=\count88
\TX@ftn=\toks16
)
(/usr/share/texlive/texmf-dist/tex/latex/appendix/appendix.sty
Package: appendix 2009/09/02 v1.2b extra appendix facilities
\c@@pps=\count89
\c@@ppsavesec=\count90
\c@@ppsaveapp=\count91
)
(./gep-update.aux)
\openout1 = `gep-update.aux'.

LaTeX Font Info:    Checking defaults for OML/cmm/m/it on input line 11.
LaTeX Font Info:    ... okay on input line 11.
LaTeX Font Info:    Checking defaults for T1/cmr/m/n on input line 11.
LaTeX Font Info:    ... okay on input line 11.
LaTeX Font Info:    Checking defaults for OT1/cmr/m/n on input line 11.
LaTeX Font Info:    ... okay on input line 11.
LaTeX Font Info:    Checking defaults for OMS/cmsy/m/n on input line 11.
LaTeX Font Info:    ... okay on input line 11.
LaTeX Font Info:    Checking defaults for OMX/cmex/m/n on input line 11.
LaTeX Font Info:    ... okay on input line 11.
LaTeX Font Info:    Checking defaults for U/cmr/m/n on input line 11.
LaTeX Font Info:    ... okay on input line 11.

(/usr/share/texlive/texmf-dist/tex/context/base/supp-pdf.mkii
[Loading MPS to PDF converter (version 2006.09.02).]
\scratchcounter=\count92
\scratchdimen=\dimen112
\scratchbox=\box26
\nofMPsegments=\count93
\nofMParguments=\count94
\everyMPshowfont=\toks17
\MPscratchCnt=\count95
\MPscratchDim=\dimen113
\MPnumerator=\count96
\makeMPintoPDFobject=\count97
\everyMPtoPDFconversion=\toks18
) (/usr/share/texlive/texmf-dist/tex/generic/oberdiek/pdftexcmds.sty
Package: pdftexcmds 2011/11/29 v0.20 Utility functions of pdfTeX for LuaTeX (HO
)

(/usr/share/texlive/texmf-dist/tex/generic/oberdiek/ifluatex.sty
Package: ifluatex 2010/03/01 v1.3 Provides the ifluatex switch (HO)
Package ifluatex Info: LuaTeX not detected.
)
(/usr/share/texlive/texmf-dist/tex/generic/oberdiek/ifpdf.sty
Package: ifpdf 2011/01/30 v2.3 Provides the ifpdf switch (HO)
Package ifpdf Info: pdfTeX in PDF mode is detected.
)
Package pdftexcmds Info: LuaTeX not detected.
Package pdftexcmds Info: \pdf@primitive is available.
Package pdftexcmds Info: \pdf@ifprimitive is available.
Package pdftexcmds Info: \pdfdraftmode found.
)
(/usr/share/texlive/texmf-dist/tex/latex/oberdiek/epstopdf-base.sty
Package: epstopdf-base 2010/02/09 v2.5 Base part for package epstopdf

(/usr/share/texlive/texmf-dist/tex/latex/oberdiek/grfext.sty
Package: grfext 2010/08/19 v1.1 Manage graphics extensions (HO)

(/usr/share/texlive/texmf-dist/tex/generic/oberdiek/kvdefinekeys.sty
Package: kvdefinekeys 2011/04/07 v1.3 Define keys (HO)
))
(/usr/share/texlive/texmf-dist/tex/latex/oberdiek/kvoptions.sty
Package: kvoptions 2011/06/30 v3.11 Key value format for package options (HO)

(/usr/share/texlive/texmf-dist/tex/generic/oberdiek/kvsetkeys.sty
Package: kvsetkeys 2012/04/25 v1.16 Key value parser (HO)

(/usr/share/texlive/texmf-dist/tex/generic/oberdiek/etexcmds.sty
Package: etexcmds 2011/02/16 v1.5 Avoid name clashes with e-TeX commands (HO)
Package etexcmds Info: Could not find \expanded.
(etexcmds)             That can mean that you are not using pdfTeX 1.50 or
(etexcmds)             that some package has redefined \expanded.
(etexcmds)             In the latter case, load this package earlier.
)))
Package grfext Info: Graphics extension search list:
(grfext)             [.png,.pdf,.jpg,.mps,.jpeg,.jbig2,.jb2,.PNG,.PDF,.JPG,.JPE
G,.JBIG2,.JB2,.eps]
(grfext)             \AppendGraphicsExtensions on input line 452.

(/usr/share/texlive/texmf-dist/tex/latex/latexconfig/epstopdf-sys.cfg
File: epstopdf-sys.cfg 2010/07/13 v1.3 Configuration of (r)epstopdf for TeX Liv
e
))
LaTeX Font Info:    External font `cmex10' loaded for size
(Font)              <12> on input line 12.
LaTeX Font Info:    External font `cmex10' loaded for size
(Font)              <8> on input line 12.
LaTeX Font Info:    External font `cmex10' loaded for size
(Font)              <6> on input line 12.

[1

{/usr/share/texlive/texmf-dist/fonts/map/pdftex/updmap/pdftex.map}]
Missing character: There is no Â in font cmr10!
Missing character: There is no µ in font cmr10!
Missing character: There is no Â in font cmr10!
Missing character: There is no µ in font cmr10!
LaTeX Font Info:    External font `cmex10' loaded for size
(Font)              <7> on input line 38.
LaTeX Font Info:    External font `cmex10' loaded for size
(Font)              <5> on input line 38.
 [2]
Overfull \hbox (60.06186pt too wide) in paragraph at lines 90--108
[][] 
 []

<cfpbox.pdf, id=15, 528.97626pt x 739.76375pt>
File: cfpbox.pdf Graphic file (type pdf)
 <use cfpbox.pdf>
Package pdftex.def Info: cfpbox.pdf used on input line 116.
(pdftex.def)             Requested size: 103.50105pt x 144.74437pt.

<cfpc.pdf, id=16, 528.97626pt x 739.76375pt>
File: cfpc.pdf Graphic file (type pdf)
 <use cfpc.pdf>
Package pdftex.def Info: cfpc.pdf used on input line 117.
(pdftex.def)             Requested size: 103.50105pt x 144.74437pt.

<cgr32.pdf, id=17, 528.97626pt x 739.76375pt>
File: cgr32.pdf Graphic file (type pdf)
 <use cgr32.pdf>
Package pdftex.def Info: cgr32.pdf used on input line 118.
(pdftex.def)             Requested size: 103.50105pt x 144.74437pt.

<figs/cablesHall.pdf, id=18, 1228.59pt x 794.97pt>
File: figs/cablesHall.pdf Graphic file (type pdf)
 <use figs/cablesHall.pdf>
Package pdftex.def Info: figs/cablesHall.pdf used on input line 126.
(pdftex.def)             Requested size: 368.57985pt x 238.49284pt.

Overfull \hbox (23.57985pt too wide) in paragraph at lines 126--127
[] 
 []

[3] [4 <./cfpbox.pdf> <./cfpc.pdf> <./cgr32.pdf>]
<figs/SBSlayout.pdf, id=154, 845.04686pt x 597.50786pt>
File: figs/SBSlayout.pdf Graphic file (type pdf)

<use figs/SBSlayout.pdf>
Package pdftex.def Info: figs/SBSlayout.pdf used on input line 128.
(pdftex.def)             Requested size: 338.01276pt x 238.9989pt.

<figs/FastbusEcalDetailed.pdf, id=155, 794.97pt x 614.295pt>
File: figs/FastbusEcalDetailed.pdf Graphic file (type pdf)

<use figs/FastbusEcalDetailed.pdf>
Package pdftex.def Info: figs/FastbusEcalDetailed.pdf used on input line 130.
(pdftex.def)             Requested size: 317.98236pt x 245.71364pt.
 [5 <./figs/cablesHall.pdf> <./figs/SBSlayout.pdf

pdfTeX warning: pdflatex (file ./figs/SBSlayout.pdf): PDF inclusion: multiple p
dfs with page group included in a single page
>] <figs/fastbus/TS.pdf, id=179, 785.7187pt x 473.64198pt>
File: figs/fastbus/TS.pdf Graphic file (type pdf)

<use figs/fastbus/TS.pdf>
Package pdftex.def Info: figs/fastbus/TS.pdf used on input line 135.
(pdftex.def)             Requested size: 314.2819pt x 189.45343pt.

<figs/fastbus/FBCrates.pdf, id=180, 357.335pt x 263.98625pt>
File: figs/fastbus/FBCrates.pdf Graphic file (type pdf)

<use figs/fastbus/FBCrates.pdf>
Package pdftex.def Info: figs/fastbus/FBCrates.pdf used on input line 137.
(pdftex.def)             Requested size: 142.93146pt x 105.59262pt.
 [6 <./figs/FastbusEcalDetailed.pdf> <./figs/fastbus/TS.pdf>] <figs/fastbus/Tri
gger_TS.pdf, id=204, 724.7075pt x 209.78375pt>
File: figs/fastbus/Trigger_TS.pdf Graphic file (type pdf)

<use figs/fastbus/Trigger_TS.pdf>
Package pdftex.def Info: figs/fastbus/Trigger_TS.pdf used on input line 141.
(pdftex.def)             Requested size: 289.87787pt x 83.912pt.

<figs/NewMPDDetailed.pdf, id=205, 614.295pt x 794.97pt>
File: figs/NewMPDDetailed.pdf Graphic file (type pdf)

<use figs/NewMPDDetailed.pdf>
Package pdftex.def Info: figs/NewMPDDetailed.pdf used on input line 147.
(pdftex.def)             Requested size: 245.71364pt x 317.98236pt.
 [7 <./figs/fastbus/FBCrates.pdf> <./figs/fastbus/Trigger_TS.pdf>] [8 <./figs/N
ewMPDDetailed.pdf>]
<figs/GeP.pdf, id=233, 651.43375pt x 400.49625pt>
File: figs/GeP.pdf Graphic file (type pdf)
 <use figs/GeP.pdf>
Package pdftex.def Info: figs/GeP.pdf used on input line 152.
(pdftex.def)             Requested size: 521.14769pt x 320.39743pt.
 [9 <./figs/GeP.pdf>] [10] (./gep-update.aux) ) 
Here is how much of TeX's memory you used:
 1743 strings out of 493096
 25012 string characters out of 6137367
 89963 words of memory out of 5000000
 5220 multiletter control sequences out of 15000+600000
 7895 words of font info for 28 fonts, out of 8000000 for 9000
 1137 hyphenation exceptions out of 8191
 38i,8n,23p,581b,220s stack positions out of 5000i,500n,10000p,200000b,80000s
</usr/share/texlive/texmf-dist/f
onts/type1/public/amsfonts/cm/cmbx10.pfb></usr/share/texlive/texmf-dist/fonts/t
ype1/public/amsfonts/cm/cmbx12.pfb></usr/share/texlive/texmf-dist/fonts/type1/p
ublic/amsfonts/cm/cmmi10.pfb></usr/share/texlive/texmf-dist/fonts/type1/public/
amsfonts/cm/cmr10.pfb></usr/share/texlive/texmf-dist/fonts/type1/public/amsfont
s/cm/cmr12.pfb></usr/share/texlive/texmf-dist/fonts/type1/public/amsfonts/cm/cm
r17.pfb>
Output written on gep-update.pdf (10 pages, 1307112 bytes).
PDF statistics:
 266 PDF objects out of 1000 (max. 8388607)
 144 compressed objects within 2 object streams
 0 named destinations out of 1000 (max. 500000)
 56 words of extra memory for PDF output out of 10000 (max. 10000000)

